Traceback (most recent call last):
  File "/home/dmarx/miniconda3/envs/sandbox/lib/python3.9/site-packages/jupyter_cache/executors/utils.py", line 51, in single_nb_execution
    executenb(
  File "/home/dmarx/miniconda3/envs/sandbox/lib/python3.9/site-packages/nbclient/client.py", line 1093, in execute
    return NotebookClient(nb=nb, resources=resources, km=km, **kwargs).execute()
  File "/home/dmarx/miniconda3/envs/sandbox/lib/python3.9/site-packages/nbclient/util.py", line 84, in wrapped
    return just_run(coro(*args, **kwargs))
  File "/home/dmarx/miniconda3/envs/sandbox/lib/python3.9/site-packages/nbclient/util.py", line 62, in just_run
    return loop.run_until_complete(coro)
  File "/home/dmarx/miniconda3/envs/sandbox/lib/python3.9/asyncio/base_events.py", line 642, in run_until_complete
    return future.result()
  File "/home/dmarx/miniconda3/envs/sandbox/lib/python3.9/site-packages/nbclient/client.py", line 559, in async_execute
    await self.async_execute_cell(
  File "/home/dmarx/miniconda3/envs/sandbox/lib/python3.9/site-packages/nbclient/client.py", line 854, in async_execute_cell
    self._check_raise_for_error(cell, exec_reply)
  File "/home/dmarx/miniconda3/envs/sandbox/lib/python3.9/site-packages/nbclient/client.py", line 756, in _check_raise_for_error
    raise CellExecutionError.from_cell_and_msg(cell, exec_reply_content)
nbclient.exceptions.CellExecutionError: An error occurred while executing the following cell:
------------------
import numpy as np
import torch

print("Torch version:", torch.__version__)

assert torch.__version__.split(".") >= ["1", "7", "1"], "PyTorch 1.7.1 or later is required"
------------------

[0;31m---------------------------------------------------------------------------[0m
[0;31mAssertionError[0m                            Traceback (most recent call last)
Input [0;32mIn [2][0m, in [0;36m<module>[0;34m[0m
[1;32m      2[0m [38;5;28;01mimport[39;00m [38;5;21;01mtorch[39;00m
[1;32m      4[0m [38;5;28mprint[39m([38;5;124m"[39m[38;5;124mTorch version:[39m[38;5;124m"[39m, torch[38;5;241m.[39m__version__)
[0;32m----> 6[0m [38;5;28;01massert[39;00m torch[38;5;241m.[39m__version__[38;5;241m.[39msplit([38;5;124m"[39m[38;5;124m.[39m[38;5;124m"[39m) [38;5;241m>[39m[38;5;241m=[39m [[38;5;124m"[39m[38;5;124m1[39m[38;5;124m"[39m, [38;5;124m"[39m[38;5;124m7[39m[38;5;124m"[39m, [38;5;124m"[39m[38;5;124m1[39m[38;5;124m"[39m], [38;5;124m"[39m[38;5;124mPyTorch 1.7.1 or later is required[39m[38;5;124m"[39m

[0;31mAssertionError[0m: PyTorch 1.7.1 or later is required
AssertionError: PyTorch 1.7.1 or later is required

